[2022-02-17 00:00:03,543] {__init__.py:1139} INFO - Dependencies all met for <TaskInstance: my_first_dag.print_date 2022-02-16T00:00:00+00:00 [queued]>
[2022-02-17 00:00:03,546] {__init__.py:1139} INFO - Dependencies all met for <TaskInstance: my_first_dag.print_date 2022-02-16T00:00:00+00:00 [queued]>
[2022-02-17 00:00:03,546] {__init__.py:1353} INFO - 
--------------------------------------------------------------------------------
[2022-02-17 00:00:03,546] {__init__.py:1354} INFO - Starting attempt 1 of 1
[2022-02-17 00:00:03,546] {__init__.py:1355} INFO - 
--------------------------------------------------------------------------------
[2022-02-17 00:00:03,559] {__init__.py:1374} INFO - Executing <Task(BashOperator): print_date> on 2022-02-16T00:00:00+00:00
[2022-02-17 00:00:03,559] {base_task_runner.py:119} INFO - Running: ['airflow', 'run', 'my_first_dag', 'print_date', '2022-02-16T00:00:00+00:00', '--job_id', '95', '--raw', '-sd', 'DAGS_FOLDER/my_second.py', '--cfg_path', '/tmp/tmpercuz404']
[2022-02-17 00:00:03,964] {base_task_runner.py:101} INFO - Job 95: Subtask print_date [2022-02-17 00:00:03,964] {__init__.py:51} INFO - Using executor SequentialExecutor
[2022-02-17 00:00:04,115] {base_task_runner.py:101} INFO - Job 95: Subtask print_date [2022-02-17 00:00:04,114] {__init__.py:305} INFO - Filling up the DagBag from /home/jovyan/airflow/dags/my_second.py
[2022-02-17 00:00:04,125] {base_task_runner.py:101} INFO - Job 95: Subtask print_date [2022-02-17 00:00:04,125] {cli.py:517} INFO - Running <TaskInstance: my_first_dag.print_date 2022-02-16T00:00:00+00:00 [running]> on host 4c5aeb1c47d1
[2022-02-17 00:00:04,134] {bash_operator.py:81} INFO - Tmp dir root location: 
 /tmp
[2022-02-17 00:00:04,135] {bash_operator.py:90} INFO - Exporting the following env vars:
AIRFLOW_CTX_DAG_ID=my_first_dag
AIRFLOW_CTX_TASK_ID=print_date
AIRFLOW_CTX_EXECUTION_DATE=2022-02-16T00:00:00+00:00
AIRFLOW_CTX_DAG_RUN_ID=scheduled__2022-02-16T00:00:00+00:00
[2022-02-17 00:00:04,135] {bash_operator.py:104} INFO - Temporary script location: /tmp/airflowtmpeon4wzk8/print_datervzkac3b
[2022-02-17 00:00:04,135] {bash_operator.py:114} INFO - Running command: date
[2022-02-17 00:00:04,139] {bash_operator.py:123} INFO - Output:
[2022-02-17 00:00:04,148] {bash_operator.py:127} INFO - Thu Feb 17 00:00:04 UTC 2022
[2022-02-17 00:00:04,148] {bash_operator.py:131} INFO - Command exited with return code 0
[2022-02-17 00:00:08,538] {logging_mixin.py:95} INFO - [2022-02-17 00:00:08,537] {jobs.py:2562} INFO - Task exited with return code 0
