[2022-02-15 08:50:52,304] {__init__.py:1139} INFO - Dependencies all met for <TaskInstance: my_first_dag.send_email 2022-02-14T00:00:00+00:00 [queued]>
[2022-02-15 08:50:52,309] {__init__.py:1139} INFO - Dependencies all met for <TaskInstance: my_first_dag.send_email 2022-02-14T00:00:00+00:00 [queued]>
[2022-02-15 08:50:52,309] {__init__.py:1353} INFO - 
--------------------------------------------------------------------------------
[2022-02-15 08:50:52,310] {__init__.py:1354} INFO - Starting attempt 25 of 25
[2022-02-15 08:50:52,310] {__init__.py:1355} INFO - 
--------------------------------------------------------------------------------
[2022-02-15 08:50:52,322] {__init__.py:1374} INFO - Executing <Task(EmailOperator): send_email> on 2022-02-14T00:00:00+00:00
[2022-02-15 08:50:52,322] {base_task_runner.py:119} INFO - Running: ['airflow', 'run', 'my_first_dag', 'send_email', '2022-02-14T00:00:00+00:00', '--job_id', '52', '--raw', '-sd', 'DAGS_FOLDER/my_first.py', '--cfg_path', '/tmp/tmp76veka32']
[2022-02-15 08:50:52,733] {base_task_runner.py:101} INFO - Job 52: Subtask send_email [2022-02-15 08:50:52,733] {__init__.py:51} INFO - Using executor SequentialExecutor
[2022-02-15 08:50:52,886] {base_task_runner.py:101} INFO - Job 52: Subtask send_email [2022-02-15 08:50:52,886] {__init__.py:305} INFO - Filling up the DagBag from /home/jovyan/airflow/dags/my_first.py
[2022-02-15 08:50:52,896] {base_task_runner.py:101} INFO - Job 52: Subtask send_email [2022-02-15 08:50:52,896] {cli.py:517} INFO - Running <TaskInstance: my_first_dag.send_email 2022-02-14T00:00:00+00:00 [running]> on host 4c5aeb1c47d1
[2022-02-15 08:50:58,078] {__init__.py:1580} ERROR - (535, b'5.7.3 Authentication unsuccessful')
Traceback (most recent call last):
  File "/opt/conda/lib/python3.7/site-packages/airflow/models/__init__.py", line 1441, in _run_raw_task
    result = task_copy.execute(context=context)
  File "/opt/conda/lib/python3.7/site-packages/airflow/operators/email_operator.py", line 78, in execute
    mime_subtype=self.mime_subtype, mime_charset=self.mime_charset)
  File "/opt/conda/lib/python3.7/site-packages/airflow/utils/email.py", line 55, in send_email
    mime_subtype=mime_subtype, mime_charset=mime_charset, **kwargs)
  File "/opt/conda/lib/python3.7/site-packages/airflow/utils/email.py", line 101, in send_email_smtp
    send_MIME_email(smtp_mail_from, recipients, msg, dryrun)
  File "/opt/conda/lib/python3.7/site-packages/airflow/utils/email.py", line 125, in send_MIME_email
    s.login(SMTP_USER, SMTP_PASSWORD)
  File "/opt/conda/lib/python3.7/smtplib.py", line 735, in login
    raise last_exception
  File "/opt/conda/lib/python3.7/smtplib.py", line 726, in login
    initial_response_ok=initial_response_ok)
  File "/opt/conda/lib/python3.7/smtplib.py", line 647, in auth
    raise SMTPAuthenticationError(code, resp)
smtplib.SMTPAuthenticationError: (535, b'5.7.3 Authentication unsuccessful')
[2022-02-15 08:50:58,080] {__init__.py:1611} INFO - Marking task as FAILED.
[2022-02-15 08:50:58,093] {base_task_runner.py:101} INFO - Job 52: Subtask send_email Traceback (most recent call last):
[2022-02-15 08:50:58,094] {base_task_runner.py:101} INFO - Job 52: Subtask send_email   File "/opt/conda/bin/airflow", line 32, in <module>
[2022-02-15 08:50:58,094] {base_task_runner.py:101} INFO - Job 52: Subtask send_email     args.func(args)
[2022-02-15 08:50:58,094] {base_task_runner.py:101} INFO - Job 52: Subtask send_email   File "/opt/conda/lib/python3.7/site-packages/airflow/utils/cli.py", line 74, in wrapper
[2022-02-15 08:50:58,094] {base_task_runner.py:101} INFO - Job 52: Subtask send_email     return f(*args, **kwargs)
[2022-02-15 08:50:58,094] {base_task_runner.py:101} INFO - Job 52: Subtask send_email   File "/opt/conda/lib/python3.7/site-packages/airflow/bin/cli.py", line 523, in run
[2022-02-15 08:50:58,094] {base_task_runner.py:101} INFO - Job 52: Subtask send_email     _run(args, dag, ti)
[2022-02-15 08:50:58,094] {base_task_runner.py:101} INFO - Job 52: Subtask send_email   File "/opt/conda/lib/python3.7/site-packages/airflow/bin/cli.py", line 442, in _run
[2022-02-15 08:50:58,094] {base_task_runner.py:101} INFO - Job 52: Subtask send_email     pool=args.pool,
[2022-02-15 08:50:58,094] {base_task_runner.py:101} INFO - Job 52: Subtask send_email   File "/opt/conda/lib/python3.7/site-packages/airflow/utils/db.py", line 73, in wrapper
[2022-02-15 08:50:58,094] {base_task_runner.py:101} INFO - Job 52: Subtask send_email     return func(*args, **kwargs)
[2022-02-15 08:50:58,094] {base_task_runner.py:101} INFO - Job 52: Subtask send_email   File "/opt/conda/lib/python3.7/site-packages/airflow/models/__init__.py", line 1441, in _run_raw_task
[2022-02-15 08:50:58,094] {base_task_runner.py:101} INFO - Job 52: Subtask send_email     result = task_copy.execute(context=context)
[2022-02-15 08:50:58,094] {base_task_runner.py:101} INFO - Job 52: Subtask send_email   File "/opt/conda/lib/python3.7/site-packages/airflow/operators/email_operator.py", line 78, in execute
[2022-02-15 08:50:58,094] {base_task_runner.py:101} INFO - Job 52: Subtask send_email     mime_subtype=self.mime_subtype, mime_charset=self.mime_charset)
[2022-02-15 08:50:58,094] {base_task_runner.py:101} INFO - Job 52: Subtask send_email   File "/opt/conda/lib/python3.7/site-packages/airflow/utils/email.py", line 55, in send_email
[2022-02-15 08:50:58,094] {base_task_runner.py:101} INFO - Job 52: Subtask send_email     mime_subtype=mime_subtype, mime_charset=mime_charset, **kwargs)
[2022-02-15 08:50:58,094] {base_task_runner.py:101} INFO - Job 52: Subtask send_email   File "/opt/conda/lib/python3.7/site-packages/airflow/utils/email.py", line 101, in send_email_smtp
[2022-02-15 08:50:58,094] {base_task_runner.py:101} INFO - Job 52: Subtask send_email     send_MIME_email(smtp_mail_from, recipients, msg, dryrun)
[2022-02-15 08:50:58,094] {base_task_runner.py:101} INFO - Job 52: Subtask send_email   File "/opt/conda/lib/python3.7/site-packages/airflow/utils/email.py", line 125, in send_MIME_email
[2022-02-15 08:50:58,094] {base_task_runner.py:101} INFO - Job 52: Subtask send_email     s.login(SMTP_USER, SMTP_PASSWORD)
[2022-02-15 08:50:58,094] {base_task_runner.py:101} INFO - Job 52: Subtask send_email   File "/opt/conda/lib/python3.7/smtplib.py", line 735, in login
[2022-02-15 08:50:58,094] {base_task_runner.py:101} INFO - Job 52: Subtask send_email     raise last_exception
[2022-02-15 08:50:58,094] {base_task_runner.py:101} INFO - Job 52: Subtask send_email   File "/opt/conda/lib/python3.7/smtplib.py", line 726, in login
[2022-02-15 08:50:58,094] {base_task_runner.py:101} INFO - Job 52: Subtask send_email     initial_response_ok=initial_response_ok)
[2022-02-15 08:50:58,094] {base_task_runner.py:101} INFO - Job 52: Subtask send_email   File "/opt/conda/lib/python3.7/smtplib.py", line 647, in auth
[2022-02-15 08:50:58,094] {base_task_runner.py:101} INFO - Job 52: Subtask send_email     raise SMTPAuthenticationError(code, resp)
[2022-02-15 08:50:58,094] {base_task_runner.py:101} INFO - Job 52: Subtask send_email smtplib.SMTPAuthenticationError: (535, b'5.7.3 Authentication unsuccessful')
[2022-02-15 08:51:02,314] {logging_mixin.py:95} INFO - [2022-02-15 08:51:02,314] {jobs.py:2562} INFO - Task exited with return code 1
